Determining if the pthread_create exist failed with the following output:
Change Dir: /mnt/hgfs/share/Scoket/ChatRoom/ChatRoom_Client/build/CMakeFiles/CMakeTmp

Run Build Command:"/usr/bin/make" "cmTC_327a0/fast"
/usr/bin/make -f CMakeFiles/cmTC_327a0.dir/build.make CMakeFiles/cmTC_327a0.dir/build
make[1]: 进入目录“/mnt/hgfs/share/Scoket/ChatRoom/ChatRoom_Client/build/CMakeFiles/CMakeTmp”
Building C object CMakeFiles/cmTC_327a0.dir/CheckSymbolExists.c.o
/usr/bin/cc    -o CMakeFiles/cmTC_327a0.dir/CheckSymbolExists.c.o   -c /mnt/hgfs/share/Scoket/ChatRoom/ChatRoom_Client/build/CMakeFiles/CMakeTmp/CheckSymbolExists.c
Linking C executable cmTC_327a0
/usr/bin/cmake -E cmake_link_script CMakeFiles/cmTC_327a0.dir/link.txt --verbose=1
/usr/bin/cc      CMakeFiles/cmTC_327a0.dir/CheckSymbolExists.c.o  -o cmTC_327a0 
CMakeFiles/cmTC_327a0.dir/CheckSymbolExists.c.o：在函数‘main’中：
CheckSymbolExists.c:(.text+0x1b)：对‘pthread_create’未定义的引用
collect2: error: ld returned 1 exit status
CMakeFiles/cmTC_327a0.dir/build.make:97: recipe for target 'cmTC_327a0' failed
make[1]: *** [cmTC_327a0] Error 1
make[1]: 离开目录“/mnt/hgfs/share/Scoket/ChatRoom/ChatRoom_Client/build/CMakeFiles/CMakeTmp”
Makefile:126: recipe for target 'cmTC_327a0/fast' failed
make: *** [cmTC_327a0/fast] Error 2

File /mnt/hgfs/share/Scoket/ChatRoom/ChatRoom_Client/build/CMakeFiles/CMakeTmp/CheckSymbolExists.c:
/* */
#include <pthread.h>

int main(int argc, char** argv)
{
  (void)argv;
#ifndef pthread_create
  return ((int*)(&pthread_create))[argc];
#else
  (void)argc;
  return 0;
#endif
}

Determining if the function pthread_create exists in the pthreads failed with the following output:
Change Dir: /mnt/hgfs/share/Scoket/ChatRoom/ChatRoom_Client/build/CMakeFiles/CMakeTmp

Run Build Command:"/usr/bin/make" "cmTC_67505/fast"
/usr/bin/make -f CMakeFiles/cmTC_67505.dir/build.make CMakeFiles/cmTC_67505.dir/build
make[1]: 进入目录“/mnt/hgfs/share/Scoket/ChatRoom/ChatRoom_Client/build/CMakeFiles/CMakeTmp”
Building C object CMakeFiles/cmTC_67505.dir/CheckFunctionExists.c.o
/usr/bin/cc   -DCHECK_FUNCTION_EXISTS=pthread_create   -o CMakeFiles/cmTC_67505.dir/CheckFunctionExists.c.o   -c /usr/share/cmake-3.10/Modules/CheckFunctionExists.c
Linking C executable cmTC_67505
/usr/bin/cmake -E cmake_link_script CMakeFiles/cmTC_67505.dir/link.txt --verbose=1
/usr/bin/cc  -DCHECK_FUNCTION_EXISTS=pthread_create    CMakeFiles/cmTC_67505.dir/CheckFunctionExists.c.o  -o cmTC_67505 -lpthreads 
/usr/bin/ld: 找不到 -lpthreads
collect2: error: ld returned 1 exit status
CMakeFiles/cmTC_67505.dir/build.make:97: recipe for target 'cmTC_67505' failed
make[1]: *** [cmTC_67505] Error 1
make[1]: 离开目录“/mnt/hgfs/share/Scoket/ChatRoom/ChatRoom_Client/build/CMakeFiles/CMakeTmp”
Makefile:126: recipe for target 'cmTC_67505/fast' failed
make: *** [cmTC_67505/fast] Error 2


